{
  "level": "warning",
  "msg": "Using default JWT secret. Set JWT_SECRET in production environments",
  "time": "2026-02-25T10:58:13+03:00"
}
{
  "client_ip": "::1",
  "content_type": "",
  "latency_ms": 2,
  "level": "info",
  "method": "GET",
  "msg": "Request completed",
  "path": "/",
  "request_id": "",
  "response_size": 109,
  "status": 200,
  "time": "2026-02-25T10:59:03+03:00",
  "user_agent": "Mozilla/5.0 (Macintosh; Intel Mac OS X 10_15_7) AppleWebKit/537.36 (KHTML, like Gecko) Chrome/145.0.0.0 Safari/537.36"
}
{
  "client_ip": "::1",
  "content_type": "",
  "latency_ms": 0,
  "level": "info",
  "method": "GET",
  "msg": "Request completed",
  "path": "/login",
  "request_id": "",
  "response_size": -1,
  "status": 404,
  "time": "2026-02-25T10:59:07+03:00",
  "user_agent": "Mozilla/5.0 (Macintosh; Intel Mac OS X 10_15_7) AppleWebKit/537.36 (KHTML, like Gecko) Chrome/145.0.0.0 Safari/537.36"
}
{
  "client_ip": "::1",
  "content_type": "",
  "latency_ms": 0,
  "level": "info",
  "method": "GET",
  "msg": "Request completed",
  "path": "/auth/login",
  "request_id": "",
  "response_size": -1,
  "status": 404,
  "time": "2026-02-25T10:59:24+03:00",
  "user_agent": "Mozilla/5.0 (Macintosh; Intel Mac OS X 10_15_7) AppleWebKit/537.36 (KHTML, like Gecko) Chrome/145.0.0.0 Safari/537.36"
}
{
  "level": "warning",
  "msg": "Using default JWT secret. Set JWT_SECRET in production environments",
  "time": "2026-02-25T11:00:05+03:00"
}
{
  "level": "warning",
  "msg": "Using default JWT secret. Set JWT_SECRET in production environments",
  "time": "2026-02-25T11:00:43+03:00"
}
{
  "level": "warning",
  "msg": "Using default JWT secret. Set JWT_SECRET in production environments",
  "time": "2026-02-25T11:01:42+03:00"
}
{
  "client_ip": "::1",
  "content_type": "",
  "latency_ms": 4,
  "level": "info",
  "method": "GET",
  "msg": "Request completed",
  "path": "/auth/login",
  "request_id": "",
  "response_size": 171,
  "status": 200,
  "time": "2026-02-25T11:02:00+03:00",
  "user_agent": "Mozilla/5.0 (Macintosh; Intel Mac OS X 10_15_7) AppleWebKit/537.36 (KHTML, like Gecko) Chrome/145.0.0.0 Safari/537.36"
}
{
  "level": "warning",
  "msg": "Using default JWT secret. Set JWT_SECRET in production environments",
  "time": "2026-02-25T11:03:21+03:00"
}
{
  "level": "warning",
  "msg": "Using default JWT secret. Set JWT_SECRET in production environments",
  "time": "2026-02-25T11:03:22+03:00"
}
